<?xml version="1.0" encoding="UTF-8"?>
<testsuite xmlns:xsi="http://www.w3.org/2001/XMLSchema-instance" xsi:noNamespaceSchemaLocation="https://maven.apache.org/surefire/maven-surefire-plugin/xsd/surefire-test-report-3.0.xsd" version="3.0" name="com.test.edu.EduBoard_JUnitTest" time="0.67" tests="1" errors="0" skipped="0" failures="0">
  <properties>
    <property name="java.specification.version" value="17"/>
    <property name="sun.cpu.isalist" value="amd64"/>
    <property name="sun.jnu.encoding" value="MS949"/>
    <property name="java.class.path" value="C:\Eclipse_IDES\eclipse_WEB\workspace_test\Board_ISW\target\test-classes;C:\Eclipse_IDES\eclipse_WEB\workspace_test\Board_ISW\target\classes;C:\Users\GDJ\.m2\repository\com\oracle\database\jdbc\ojdbc10\19.21.0.0\ojdbc10-19.21.0.0.jar;C:\Users\GDJ\.m2\repository\org\mybatis\mybatis\3.5.11\mybatis-3.5.11.jar;C:\Users\GDJ\.m2\repository\javax\servlet\jstl\1.2\jstl-1.2.jar;C:\Users\GDJ\.m2\repository\org\slf4j\slf4j-api\2.0.12\slf4j-api-2.0.12.jar;C:\Users\GDJ\.m2\repository\org\slf4j\slf4j-reload4j\2.0.12\slf4j-reload4j-2.0.12.jar;C:\Users\GDJ\.m2\repository\ch\qos\reload4j\reload4j\1.2.22\reload4j-1.2.22.jar;C:\Users\GDJ\.m2\repository\log4j\log4j\1.2.17\log4j-1.2.17.jar;C:\Users\GDJ\.m2\repository\org\projectlombok\lombok\1.18.32\lombok-1.18.32.jar;C:\Users\GDJ\.m2\repository\junit\junit\4.13.2\junit-4.13.2.jar;C:\Users\GDJ\.m2\repository\org\hamcrest\hamcrest-core\1.3\hamcrest-core-1.3.jar;C:\Users\GDJ\.m2\repository\commons-io\commons-io\2.11.0\commons-io-2.11.0.jar;C:\Users\GDJ\.m2\repository\commons-fileupload\commons-fileupload\1.5\commons-fileupload-1.5.jar;"/>
    <property name="java.vm.vendor" value="Amazon.com Inc."/>
    <property name="sun.arch.data.model" value="64"/>
    <property name="user.variant" value=""/>
    <property name="java.vendor.url" value="https://aws.amazon.com/corretto/"/>
    <property name="user.timezone" value="Asia/Seoul"/>
    <property name="os.name" value="Windows 11"/>
    <property name="java.vm.specification.version" value="17"/>
    <property name="sun.java.launcher" value="SUN_STANDARD"/>
    <property name="user.country" value="KR"/>
    <property name="sun.boot.library.path" value="C:\JAVA\jdk17.0.11_9\bin"/>
    <property name="sun.java.command" value="C:\Users\GDJ\AppData\Local\Temp\surefire12130354151802937882\surefirebooter-20240620124208432_3.jar C:\Users\GDJ\AppData\Local\Temp\surefire12130354151802937882 2024-06-20T12-42-08_315-jvmRun1 surefire-20240620124208432_1tmp surefire_0-20240620124208432_2tmp"/>
    <property name="jdk.debug" value="release"/>
    <property name="surefire.test.class.path" value="C:\Eclipse_IDES\eclipse_WEB\workspace_test\Board_ISW\target\test-classes;C:\Eclipse_IDES\eclipse_WEB\workspace_test\Board_ISW\target\classes;C:\Users\GDJ\.m2\repository\com\oracle\database\jdbc\ojdbc10\19.21.0.0\ojdbc10-19.21.0.0.jar;C:\Users\GDJ\.m2\repository\org\mybatis\mybatis\3.5.11\mybatis-3.5.11.jar;C:\Users\GDJ\.m2\repository\javax\servlet\jstl\1.2\jstl-1.2.jar;C:\Users\GDJ\.m2\repository\org\slf4j\slf4j-api\2.0.12\slf4j-api-2.0.12.jar;C:\Users\GDJ\.m2\repository\org\slf4j\slf4j-reload4j\2.0.12\slf4j-reload4j-2.0.12.jar;C:\Users\GDJ\.m2\repository\ch\qos\reload4j\reload4j\1.2.22\reload4j-1.2.22.jar;C:\Users\GDJ\.m2\repository\log4j\log4j\1.2.17\log4j-1.2.17.jar;C:\Users\GDJ\.m2\repository\org\projectlombok\lombok\1.18.32\lombok-1.18.32.jar;C:\Users\GDJ\.m2\repository\junit\junit\4.13.2\junit-4.13.2.jar;C:\Users\GDJ\.m2\repository\org\hamcrest\hamcrest-core\1.3\hamcrest-core-1.3.jar;C:\Users\GDJ\.m2\repository\commons-io\commons-io\2.11.0\commons-io-2.11.0.jar;C:\Users\GDJ\.m2\repository\commons-fileupload\commons-fileupload\1.5\commons-fileupload-1.5.jar;"/>
    <property name="sun.cpu.endian" value="little"/>
    <property name="user.home" value="C:\Users\GDJ"/>
    <property name="user.language" value="ko"/>
    <property name="java.specification.vendor" value="Oracle Corporation"/>
    <property name="java.version.date" value="2024-04-16"/>
    <property name="java.home" value="C:\JAVA\jdk17.0.11_9"/>
    <property name="file.separator" value="\"/>
    <property name="style.color" value="always"/>
    <property name="basedir" value="C:\Eclipse_IDES\eclipse_WEB\workspace_test\Board_ISW"/>
    <property name="java.vm.compressedOopsMode" value="Zero based"/>
    <property name="line.separator" value="&#10;"/>
    <property name="java.vm.specification.vendor" value="Oracle Corporation"/>
    <property name="java.specification.name" value="Java Platform API Specification"/>
    <property name="surefire.real.class.path" value="C:\Users\GDJ\AppData\Local\Temp\surefire12130354151802937882\surefirebooter-20240620124208432_3.jar"/>
    <property name="user.script" value=""/>
    <property name="sun.management.compiler" value="HotSpot 64-Bit Tiered Compilers"/>
    <property name="java.runtime.version" value="17.0.11+9-LTS"/>
    <property name="user.name" value="GDJ"/>
    <property name="path.separator" value=";"/>
    <property name="os.version" value="10.0"/>
    <property name="java.runtime.name" value="OpenJDK Runtime Environment"/>
    <property name="file.encoding" value="MS949"/>
    <property name="java.vm.name" value="OpenJDK 64-Bit Server VM"/>
    <property name="java.vendor.version" value="Corretto-17.0.11.9.1"/>
    <property name="localRepository" value="C:\Users\GDJ\.m2\repository"/>
    <property name="java.vendor.url.bug" value="https://github.com/corretto/corretto-17/issues/"/>
    <property name="java.io.tmpdir" value="C:\Users\GDJ\AppData\Local\Temp\"/>
    <property name="java.version" value="17.0.11"/>
    <property name="user.dir" value="C:\Eclipse_IDES\eclipse_WEB\workspace_test\Board_ISW"/>
    <property name="os.arch" value="amd64"/>
    <property name="java.vm.specification.name" value="Java Virtual Machine Specification"/>
    <property name="sun.os.patch.level" value=""/>
    <property name="native.encoding" value="MS949"/>
    <property name="java.library.path" value="C:\JAVA\jdk17.0.11_9\bin;C:\WINDOWS\Sun\Java\bin;C:\WINDOWS\system32;C:\WINDOWS;C:/JAVA/jdk17.0.11_9/bin/server;C:/JAVA/jdk17.0.11_9/bin;C:\app\GDJ\product\21c\dbhomeXE\bin;C:\WINDOWS\system32;C:\WINDOWS;C:\WINDOWS\System32\Wbem;C:\WINDOWS\System32\WindowsPowerShell\v1.0\;C:\WINDOWS\System32\OpenSSH\;C:\Program Files\Bandizip\;%JAVA_HOME%\bin;C:\Users\GDJ\AppData\Local\Microsoft\WindowsApps;;C:\Eclipse_IDES\eclipse_WEB;;."/>
    <property name="java.vm.info" value="mixed mode, sharing"/>
    <property name="java.vendor" value="Amazon.com Inc."/>
    <property name="java.vm.version" value="17.0.11+9-LTS"/>
    <property name="sun.io.unicode.encoding" value="UnicodeLittle"/>
    <property name="java.class.version" value="61.0"/>
  </properties>
  <testcase name="selectMyBoard_JUnitTest" classname="com.test.edu.EduBoard_JUnitTest" time="0.635">
    <system-out><![CDATA[2024-06-20 12:42:09 DEBUG LogFactory:109 - Logging initialized using 'class org.apache.ibatis.logging.slf4j.Slf4jImpl' adapter.
2024-06-20 12:42:09 DEBUG PooledDataSource:373 - PooledDataSource forcefully closed/removed all connections.
2024-06-20 12:42:09 DEBUG PooledDataSource:373 - PooledDataSource forcefully closed/removed all connections.
2024-06-20 12:42:09 DEBUG PooledDataSource:373 - PooledDataSource forcefully closed/removed all connections.
2024-06-20 12:42:09 DEBUG PooledDataSource:373 - PooledDataSource forcefully closed/removed all connections.
SqlSessionFactory 객체 생성
2024-06-20 12:42:09 INFO  BoardDaoImpl:22 - BoardDaoImpl selectAllBoard
2024-06-20 12:42:09 DEBUG JdbcTransaction:143 - Opening JDBC Connection
2024-06-20 12:42:09 DEBUG PooledDataSource:448 - Created connection 310016558.
2024-06-20 12:42:09 DEBUG JdbcTransaction:107 - Setting autocommit to false on JDBC Connection [oracle.jdbc.driver.T4CConnection@127a7a2e]
2024-06-20 12:42:09 DEBUG selectAllBoard:137 - ==>  Preparing: SELECT SEQ, ID, TITLE, CONTENT, DELFLAG, CREATEAT FROM( SELECT SEQ, ID, TITLE, CONTENT, DELFLAG, TO_CHAR(CREATEAT, 'YYYY-MM-DD HH:MI:SS') AS CREATEAT, ROW_NUMBER() OVER(ORDER BY SEQ DESC) RN FROM EDUBOARD ) WHERE RN BETWEEN ? AND ?
2024-06-20 12:42:09 DEBUG selectAllBoard:137 - ==> Parameters: 1(Integer), 5(Integer)
2024-06-20 12:42:09 TRACE selectAllBoard:143 - <==    Columns: SEQ, ID, TITLE, CONTENT, DELFLAG, CREATEAT
2024-06-20 12:42:09 TRACE selectAllBoard:143 - <==        Row: 39, ADMIN, 헤헤, 바보자식 메롱, N, 2024-06-19 12:38:21
2024-06-20 12:42:09 TRACE selectAllBoard:143 - <==        Row: 38, 바보, ddd, dd, N, 2024-06-19 11:52:22
2024-06-20 12:42:09 TRACE selectAllBoard:143 - <==        Row: 37, 바보, 글제목, 글내용, Y, 2024-06-19 09:21:28
2024-06-20 12:42:09 TRACE selectAllBoard:143 - <==        Row: 36, 바보, 글제목, 글내용, Y, 2024-06-19 09:21:27
2024-06-20 12:42:09 TRACE selectAllBoard:143 - <==        Row: 35, 바보, 글제목, 글내용, Y, 2024-06-19 09:21:26
2024-06-20 12:42:09 DEBUG selectAllBoard:137 - <==      Total: 5
]]></system-out>
  </testcase>
</testsuite>